#
# A fatal error has been detected by the Java Runtime Environment:
#
#  EXCEPTION_ACCESS_VIOLATION (0xc0000005) at pc=0x00007ff92d305f04, pid=13780, tid=0x0000000000003f10
#
# JRE version: Java(TM) SE Runtime Environment (8.0_461) (build 1.8.0_461-b11)
# Java VM: Java HotSpot(TM) 64-Bit Server VM (25.461-b11 mixed mode windows-amd64 compressed oops)
# Problematic frame:
# V  [jvm.dll+0x165f04]
#
# Failed to write core dump. Minidumps are not enabled by default on client versions of Windows
#
# If you would like to submit a bug report, please visit:
#   http://bugreport.java.com/bugreport/crash.jsp
#

---------------  T H R E A D  ---------------

Current thread (0x00000207de61e000):  JavaThread "AWT-EventQueue-0" [_thread_in_vm, id=16144, stack(0x0000001d1fc00000,0x0000001d1fd00000)]

siginfo: ExceptionCode=0xc0000005, reading address 0x0000000000000000

Registers:
RAX=0x0000000000000000, RBX=0x0000000000000000, RCX=0x0000000000000e00, RDX=0x0000000000000000
RSP=0x0000001d1fcfc640, RBP=0x0000001d1fcfc750, RSI=0x00000207de61e200, RDI=0x00000207de61e000
R8 =0x00000207de92a5a8, R9 =0x00000207e8a2e5d8, R10=0x00007ff961080000, R11=0x0000000000000000
R12=0x0000000000000000, R13=0x00000207c2d85938, R14=0x0000001d1fcfd4f0, R15=0x00000207de61e000
RIP=0x00007ff92d305f04, EFLAGS=0x0000000000010246

Top of Stack: (sp=0x0000001d1fcfc640)
0x0000001d1fcfc640:   00000207de61e200 00007ff92d2b9f06
0x0000001d1fcfc650:   0000000000000010 00007ff92d2202fc
0x0000001d1fcfc660:   0000000000000001 00007ff92d2ba049
0x0000001d1fcfc670:   0000000000000004 0000000000000009
0x0000001d1fcfc680:   00000007731985d0 00007ff92d2eea5f
0x0000001d1fcfc690:   0000000000000001 00000207de61e000
0x0000001d1fcfc6a0:   0000000000000000 00000007c00007a8
0x0000001d1fcfc6b0:   00000207de61e000 00007ff92d30024f
0x0000001d1fcfc6c0:   00000207de61e200 00007ff92d2fd3b7
0x0000001d1fcfc6d0:   0000001d1fcfd4f0 00000207de61e000
0x0000001d1fcfc6e0:   0000000000000009 0000000000000000
0x0000001d1fcfc6f0:   00000207de61e000 00000007c0175790
0x0000001d1fcfc700:   0000000000000000 0000000000000000
0x0000001d1fcfc710:   00000207e5185b50 0000000180003e35
0x0000001d1fcfc720:   0000000000000000 00000007c0175790
0x0000001d1fcfc730:   00000207de92a5a8 00000207e8a2e5d8 

Instructions: (pc=0x00007ff92d305f04)
0x00007ff92d305ee4:   60 00 00 00 00 74 0a 48 8d 4c 24 58 e8 eb 14 12
0x00007ff92d305ef4:   00 f6 c3 01 74 0a 48 8b cb e8 ce 59 0b 00 eb 03
0x00007ff92d305f04:   48 8b 03 48 8b c8 e8 e1 a6 f0 ff 48 8b d8 4c 8b
0x00007ff92d305f14:   c7 33 d2 48 8b cb 48 8b 00 ff 90 88 00 00 00 48 


Register to memory mapping:

RAX=0x0000000000000000 is an unknown value
RBX=0x0000000000000000 is an unknown value
RCX=0x0000000000000e00 is an unknown value
RDX=0x0000000000000000 is an unknown value
RSP=0x0000001d1fcfc640 is pointing into the stack for thread: 0x00000207de61e000
RBP=0x0000001d1fcfc750 is pointing into the stack for thread: 0x00000207de61e000
RSI=0x00000207de61e200 is an unknown value
RDI=0x00000207de61e000 is a thread
R8 =0x00000207de92a5a8 is an unknown value
R9 =0x00000207e8a2e5d8 is an unknown value
R10=0x00007ff961080000 is an unknown value
R11=0x0000000000000000 is an unknown value
R12=0x0000000000000000 is an unknown value
R13=0x00000207c2d85938 is at entry_point+216 in (nmethod*)0x00000207c2d85710
R14=0x0000001d1fcfd4f0 is pointing into the stack for thread: 0x00000207de61e000
R15=0x00000207de61e000 is a thread


Stack: [0x0000001d1fc00000,0x0000001d1fd00000],  sp=0x0000001d1fcfc640,  free space=1009k
Native frames: (J=compiled Java code, j=interpreted, Vv=VM code, C=native code)
V  [jvm.dll+0x165f04]
C  [jna6915651536666432509.tmp+0x3e35]
C  [jna6915651536666432509.tmp+0x5446]
C  0x00000207c2a2e76b

Java frames: (J=compiled Java code, j=interpreted, Vv=VM code)
J 3611  com.sun.jna.Native.getWindowHandle0(Ljava/awt/Component;)J (0 bytes) @ 0x00000207c2a2e6d2 [0x00000207c2a2e680+0x0000000000000052]
J 6517 C2 com.sun.jna.Native.getComponentID(Ljava/awt/Component;)J (91 bytes) @ 0x00000207c3526920 [0x00000207c35268a0+0x0000000000000080]
J 11276 C2 com.group_finity.mascot.win.WindowsTranslucentWindow.paint(Ljava/awt/Graphics;)V (23 bytes) @ 0x00000207c33901e4 [0x00000207c3390140+0x00000000000000a4]
J 11291 C2 javax.swing.RepaintManager$4.run()Ljava/lang/Object; (5 bytes) @ 0x00000207c3820efc [0x00000207c38207a0+0x000000000000075c]
v  ~StubRoutines::call_stub
J 467  java.security.AccessController.doPrivileged(Ljava/security/PrivilegedAction;Ljava/security/AccessControlContext;)Ljava/lang/Object; (0 bytes) @ 0x00000207c269a566 [0x00000207c269a500+0x0000000000000066]
J 6563 C2 javax.swing.RepaintManager.paintDirtyRegions(Ljava/util/Map;)V (196 bytes) @ 0x00000207c353f984 [0x00000207c353f5e0+0x00000000000003a4]
J 8717 C2 javax.swing.RepaintManager.access$1200(Ljavax/swing/RepaintManager;)V (5 bytes) @ 0x00000207c33dd60c [0x00000207c33dd440+0x00000000000001cc]
J 8954 C2 javax.swing.RepaintManager$ProcessingRunnable.run()V (41 bytes) @ 0x00000207c3b67674 [0x00000207c3b67520+0x0000000000000154]
J 6918 C2 java.awt.EventQueue$3.run()Ljava/lang/Object; (5 bytes) @ 0x00000207c30dc9c4 [0x00000207c30dc6a0+0x0000000000000324]
v  ~StubRoutines::call_stub
J 467  java.security.AccessController.doPrivileged(Ljava/security/PrivilegedAction;Ljava/security/AccessControlContext;)Ljava/lang/Object; (0 bytes) @ 0x00000207c269a566 [0x00000207c269a500+0x0000000000000066]
J 4539 C2 java.awt.EventQueue.dispatchEvent(Ljava/awt/AWTEvent;)V (80 bytes) @ 0x00000207c311fbac [0x00000207c311f720+0x000000000000048c]
J 7350 C2 java.awt.EventDispatchThread.pumpOneEventForFilters(I)V (190 bytes) @ 0x00000207c37f3f3c [0x00000207c37f3660+0x00000000000008dc]
J 8199% C2 java.awt.EventDispatchThread.pumpEventsForFilter(ILjava/awt/Conditional;Ljava/awt/EventFilter;)V (47 bytes) @ 0x00000207c31955c0 [0x00000207c31954c0+0x0000000000000100]
j  java.awt.EventDispatchThread.pumpEventsForHierarchy(ILjava/awt/Conditional;Ljava/awt/Component;)V+11
j  java.awt.EventDispatchThread.pumpEvents(ILjava/awt/Conditional;)V+4
j  java.awt.EventDispatchThread.pumpEvents(Ljava/awt/Conditional;)V+3
j  java.awt.EventDispatchThread.run()V+9
v  ~StubRoutines::call_stub

---------------  P R O C E S S  ---------------

Java Threads: ( => current thread )
  0x00000207e80af000 JavaThread "Thread-2" daemon [_thread_in_native, id=14544, stack(0x0000001d20100000,0x0000001d20200000)]
  0x00000207e8084000 JavaThread "SIGTERM handler" daemon [_thread_blocked, id=3200, stack(0x0000001d1f800000,0x0000001d1f900000)]
  0x00000207e5cd2800 JavaThread "TimerQueue" daemon [_thread_blocked, id=12320, stack(0x0000001d1dc00000,0x0000001d1dd00000)]
  0x00000207de622000 JavaThread "DestroyJavaVM" [_thread_blocked, id=14972, stack(0x0000001d1de00000,0x0000001d1df00000)]
  0x00000207de61c000 JavaThread "Thread-7" [_thread_in_native, id=15408, stack(0x0000001d1fd00000,0x0000001d1fe00000)]
=>0x00000207de61e000 JavaThread "AWT-EventQueue-0" [_thread_in_vm, id=16144, stack(0x0000001d1fc00000,0x0000001d1fd00000)]
  0x00000207de61d800 JavaThread "AWT-Shutdown" [_thread_blocked, id=5728, stack(0x0000001d1f600000,0x0000001d1f700000)]
  0x00000207de61f000 JavaThread "Thread-4" daemon [_thread_blocked, id=16612, stack(0x0000001d1fb00000,0x0000001d1fc00000)]
  0x00000207de1b8800 JavaThread "AWT-Windows" daemon [_thread_in_native, id=8444, stack(0x0000001d1f700000,0x0000001d1f800000)]
  0x00000207de1ad800 JavaThread "Java2D Disposer" daemon [_thread_blocked, id=9172, stack(0x0000001d1f500000,0x0000001d1f600000)]
  0x00000207ddd3b000 JavaThread "Thread-1" daemon [_thread_blocked, id=24004, stack(0x0000001d1f400000,0x0000001d1f500000)]
  0x00000207ddc3c800 JavaThread "Service Thread" daemon [_thread_blocked, id=24020, stack(0x0000001d1f200000,0x0000001d1f300000)]
  0x00000207db759000 JavaThread "C1 CompilerThread3" daemon [_thread_blocked, id=2968, stack(0x0000001d1f100000,0x0000001d1f200000)]
  0x00000207db756800 JavaThread "C2 CompilerThread2" daemon [_thread_blocked, id=8416, stack(0x0000001d1f000000,0x0000001d1f100000)]
  0x00000207db74e800 JavaThread "C2 CompilerThread1" daemon [_thread_blocked, id=13860, stack(0x0000001d1ef00000,0x0000001d1f000000)]
  0x00000207db74c800 JavaThread "C2 CompilerThread0" daemon [_thread_blocked, id=13856, stack(0x0000001d1ee00000,0x0000001d1ef00000)]
  0x00000207db74b800 JavaThread "Attach Listener" daemon [_thread_blocked, id=7812, stack(0x0000001d1ed00000,0x0000001d1ee00000)]
  0x00000207db74a800 JavaThread "Signal Dispatcher" daemon [_thread_blocked, id=19172, stack(0x0000001d1ec00000,0x0000001d1ed00000)]
  0x00000207db726800 JavaThread "Finalizer" daemon [_thread_blocked, id=10128, stack(0x0000001d1eb00000,0x0000001d1ec00000)]
  0x00000207db6fe000 JavaThread "Reference Handler" daemon [_thread_blocked, id=3460, stack(0x0000001d1ea00000,0x0000001d1eb00000)]

Other Threads:
  0x00000207db6f6800 VMThread [stack: 0x0000001d1e900000,0x0000001d1ea00000] [id=18704]
  0x00000207ddc84800 WatcherThread [stack: 0x0000001d1f300000,0x0000001d1f400000] [id=12088]

VM state:not at safepoint (normal execution)

VM Mutex/Monitor currently owned by a thread: None

heap address: 0x00000006c2000000, size: 4064 MB, Compressed Oops mode: Zero based, Oop shift amount: 3
Narrow klass base: 0x0000000000000000, Narrow klass shift: 3
Compressed class space size: 1073741824 Address: 0x00000007c0000000

Heap:
 PSYoungGen      total 415232K, used 186745K [0x000000076b580000, 0x000000078c480000, 0x00000007c0000000)
  eden space 368640K, 40% used [0x000000076b580000,0x00000007746da4e8,0x0000000781d80000)
  from space 46592K, 81% used [0x0000000781d80000,0x0000000784284010,0x0000000784b00000)
  to   space 49664K, 0% used [0x0000000789400000,0x0000000789400000,0x000000078c480000)
 ParOldGen       total 90624K, used 52131K [0x00000006c2000000, 0x00000006c7880000, 0x000000076b580000)
  object space 90624K, 57% used [0x00000006c2000000,0x00000006c52e8fb8,0x00000006c7880000)
 Metaspace       used 25674K, capacity 27598K, committed 46336K, reserved 1085440K
  class space    used 2847K, capacity 3333K, committed 9728K, reserved 1048576K

Card table byte_map: [0x00000207d1840000,0x00000207d2040000] byte_map_base: 0x00000207ce230000

Marking Bits: (ParMarkBitMap*) 0x00007ff92d97a3e0
 Begin Bits: [0x00000207d2590000, 0x00000207d6510000)
 End Bits:   [0x00000207d6510000, 0x00000207da490000)

Polling page: 0x00000207c0b30000

CodeCache: size=245760Kb used=27177Kb max_used=28725Kb free=218583Kb
 bounds [0x00000207c2480000, 0x00000207c40d0000, 0x00000207d1480000]
 total_blobs=8132 nmethods=7527 adapters=514
 compilation: enabled

Compilation events (10 events):
Event: 7932.620 Thread 0x00000207db759000 13906       3       java.util.logging.LogManager$LoggerContext::getRootLogger (8 bytes)
Event: 7932.620 Thread 0x00000207db759000 nmethod 13906 0x00000207c2f91190 code [0x00000207c2f912e0, 0x00000207c2f914f8]
Event: 7932.620 Thread 0x00000207db759000 13907       3       java.util.logging.LogManager$LoggerContext::getGlobalLogger (6 bytes)
Event: 7932.620 Thread 0x00000207db759000 nmethod 13907 0x00000207c3360bd0 code [0x00000207c3360d20, 0x00000207c3360e78]
Event: 7932.621 Thread 0x00000207db759000 13908       3       java.lang.Character::isLetterOrDigit (5 bytes)
Event: 7932.621 Thread 0x00000207db74e800 13910       4       java.lang.Character::getType (9 bytes)
Event: 7932.622 Thread 0x00000207db759000 nmethod 13908 0x00000207c2a52550 code [0x00000207c2a526e0, 0x00000207c2a52a40]
Event: 7932.622 Thread 0x00000207db759000 13909       3       java.lang.Character::isLetterOrDigit (19 bytes)
Event: 7932.622 Thread 0x00000207db74e800 nmethod 13910 0x00000207c3b07950 code [0x00000207c3b07aa0, 0x00000207c3b07b48]
Event: 7932.622 Thread 0x00000207db759000 nmethod 13909 0x00000207c2d70850 code [0x00000207c2d709c0, 0x00000207c2d70ca0]

GC Heap History (10 events):
Event: 7916.887 GC heap before
{Heap before GC invocations=5440 (full 17):
 PSYoungGen      total 294400K, used 289120K [0x000000076b580000, 0x000000077fa80000, 0x00000007c0000000)
  eden space 262144K, 100% used [0x000000076b580000,0x000000077b580000,0x000000077b580000)
  from space 32256K, 83% used [0x000000077d700000,0x000000077f158000,0x000000077f680000)
  to   space 34304K, 0% used [0x000000077b580000,0x000000077b580000,0x000000077d700000)
 ParOldGen       total 90624K, used 48539K [0x00000006c2000000, 0x00000006c7880000, 0x000000076b580000)
  object space 90624K, 53% used [0x00000006c2000000,0x00000006c4f66fb8,0x00000006c7880000)
 Metaspace       used 25606K, capacity 27536K, committed 46336K, reserved 1085440K
  class space    used 2836K, capacity 3318K, committed 9728K, reserved 1048576K
Event: 7916.919 GC heap after
Heap after GC invocations=5440 (full 17):
 PSYoungGen      total 296448K, used 31104K [0x000000076b580000, 0x0000000783200000, 0x00000007c0000000)
  eden space 262144K, 0% used [0x000000076b580000,0x000000076b580000,0x000000077b580000)
  from space 34304K, 90% used [0x000000077b580000,0x000000077d3e0000,0x000000077d700000)
  to   space 37888K, 0% used [0x0000000780d00000,0x0000000780d00000,0x0000000783200000)
 ParOldGen       total 90624K, used 48899K [0x00000006c2000000, 0x00000006c7880000, 0x000000076b580000)
  object space 90624K, 53% used [0x00000006c2000000,0x00000006c4fc0fb8,0x00000006c7880000)
 Metaspace       used 25606K, capacity 27536K, committed 46336K, reserved 1085440K
  class space    used 2836K, capacity 3318K, committed 9728K, reserved 1048576K
}
Event: 7920.034 GC heap before
{Heap before GC invocations=5441 (full 17):
 PSYoungGen      total 296448K, used 293248K [0x000000076b580000, 0x0000000783200000, 0x00000007c0000000)
  eden space 262144K, 100% used [0x000000076b580000,0x000000077b580000,0x000000077b580000)
  from space 34304K, 90% used [0x000000077b580000,0x000000077d3e0000,0x000000077d700000)
  to   space 37888K, 0% used [0x0000000780d00000,0x0000000780d00000,0x0000000783200000)
 ParOldGen       total 90624K, used 48899K [0x00000006c2000000, 0x00000006c7880000, 0x000000076b580000)
  object space 90624K, 53% used [0x00000006c2000000,0x00000006c4fc0fb8,0x00000006c7880000)
 Metaspace       used 25610K, capacity 27550K, committed 46336K, reserved 1085440K
  class space    used 2836K, capacity 3319K, committed 9728K, reserved 1048576K
Event: 7920.067 GC heap after
Heap after GC invocations=5441 (full 17):
 PSYoungGen      total 349184K, used 31456K [0x000000076b580000, 0x0000000783700000, 0x00000007c0000000)
  eden space 311296K, 0% used [0x000000076b580000,0x000000076b580000,0x000000077e580000)
  from space 37888K, 83% used [0x0000000780d00000,0x0000000782bb8000,0x0000000783200000)
  to   space 40448K, 0% used [0x000000077e580000,0x000000077e580000,0x0000000780d00000)
 ParOldGen       total 90624K, used 49739K [0x00000006c2000000, 0x00000006c7880000, 0x000000076b580000)
  object space 90624K, 54% used [0x00000006c2000000,0x00000006c5092fb8,0x00000006c7880000)
 Metaspace       used 25610K, capacity 27550K, committed 46336K, reserved 1085440K
  class space    used 2836K, capacity 3319K, committed 9728K, reserved 1048576K
}
Event: 7923.686 GC heap before
{Heap before GC invocations=5442 (full 17):
 PSYoungGen      total 349184K, used 342752K [0x000000076b580000, 0x0000000783700000, 0x00000007c0000000)
  eden space 311296K, 100% used [0x000000076b580000,0x000000077e580000,0x000000077e580000)
  from space 37888K, 83% used [0x0000000780d00000,0x0000000782bb8000,0x0000000783200000)
  to   space 40448K, 0% used [0x000000077e580000,0x000000077e580000,0x0000000780d00000)
 ParOldGen       total 90624K, used 49739K [0x00000006c2000000, 0x00000006c7880000, 0x000000076b580000)
  object space 90624K, 54% used [0x00000006c2000000,0x00000006c5092fb8,0x00000006c7880000)
 Metaspace       used 25614K, capacity 27556K, committed 46336K, reserved 1085440K
  class space    used 2838K, capacity 3322K, committed 9728K, reserved 1048576K
Event: 7923.721 GC heap after
Heap after GC invocations=5442 (full 17):
 PSYoungGen      total 351744K, used 33088K [0x000000076b580000, 0x0000000787500000, 0x00000007c0000000)
  eden space 311296K, 0% used [0x000000076b580000,0x000000076b580000,0x000000077e580000)
  from space 40448K, 81% used [0x000000077e580000,0x00000007805d0000,0x0000000780d00000)
  to   space 43008K, 0% used [0x0000000784b00000,0x0000000784b00000,0x0000000787500000)
 ParOldGen       total 90624K, used 50531K [0x00000006c2000000, 0x00000006c7880000, 0x000000076b580000)
  object space 90624K, 55% used [0x00000006c2000000,0x00000006c5158fb8,0x00000006c7880000)
 Metaspace       used 25614K, capacity 27556K, committed 46336K, reserved 1085440K
  class space    used 2838K, capacity 3322K, committed 9728K, reserved 1048576K
}
Event: 7927.389 GC heap before
{Heap before GC invocations=5443 (full 17):
 PSYoungGen      total 351744K, used 344384K [0x000000076b580000, 0x0000000787500000, 0x00000007c0000000)
  eden space 311296K, 100% used [0x000000076b580000,0x000000077e580000,0x000000077e580000)
  from space 40448K, 81% used [0x000000077e580000,0x00000007805d0000,0x0000000780d00000)
  to   space 43008K, 0% used [0x0000000784b00000,0x0000000784b00000,0x0000000787500000)
 ParOldGen       total 90624K, used 50531K [0x00000006c2000000, 0x00000006c7880000, 0x000000076b580000)
  object space 90624K, 55% used [0x00000006c2000000,0x00000006c5158fb8,0x00000006c7880000)
 Metaspace       used 25627K, capacity 27586K, committed 46336K, reserved 1085440K
  class space    used 2841K, capacity 3329K, committed 9728K, reserved 1048576K
Event: 7927.429 GC heap after
Heap after GC invocations=5443 (full 17):
 PSYoungGen      total 411648K, used 36512K [0x000000076b580000, 0x0000000787c00000, 0x00000007c0000000)
  eden space 368640K, 0% used [0x000000076b580000,0x000000076b580000,0x0000000781d80000)
  from space 43008K, 84% used [0x0000000784b00000,0x0000000786ea8000,0x0000000787500000)
  to   space 46592K, 0% used [0x0000000781d80000,0x0000000781d80000,0x0000000784b00000)
 ParOldGen       total 90624K, used 51259K [0x00000006c2000000, 0x00000006c7880000, 0x000000076b580000)
  object space 90624K, 56% used [0x00000006c2000000,0x00000006c520efb8,0x00000006c7880000)
 Metaspace       used 25627K, capacity 27586K, committed 46336K, reserved 1085440K
  class space    used 2841K, capacity 3329K, committed 9728K, reserved 1048576K
}
Event: 7931.190 GC heap before
{Heap before GC invocations=5444 (full 17):
 PSYoungGen      total 411648K, used 405152K [0x000000076b580000, 0x0000000787c00000, 0x00000007c0000000)
  eden space 368640K, 100% used [0x000000076b580000,0x0000000781d80000,0x0000000781d80000)
  from space 43008K, 84% used [0x0000000784b00000,0x0000000786ea8000,0x0000000787500000)
  to   space 46592K, 0% used [0x0000000781d80000,0x0000000781d80000,0x0000000784b00000)
 ParOldGen       total 90624K, used 51259K [0x00000006c2000000, 0x00000006c7880000, 0x000000076b580000)
  object space 90624K, 56% used [0x00000006c2000000,0x00000006c520efb8,0x00000006c7880000)
 Metaspace       used 25633K, capacity 27598K, committed 46336K, reserved 1085440K
  class space    used 2843K, capacity 3333K, committed 9728K, reserved 1048576K
Event: 7931.228 GC heap after
Heap after GC invocations=5444 (full 17):
 PSYoungGen      total 415232K, used 37904K [0x000000076b580000, 0x000000078c480000, 0x00000007c0000000)
  eden space 368640K, 0% used [0x000000076b580000,0x000000076b580000,0x0000000781d80000)
  from space 46592K, 81% used [0x0000000781d80000,0x0000000784284010,0x0000000784b00000)
  to   space 49664K, 0% used [0x0000000789400000,0x0000000789400000,0x000000078c480000)
 ParOldGen       total 90624K, used 52131K [0x00000006c2000000, 0x00000006c7880000, 0x000000076b580000)
  object space 90624K, 57% used [0x00000006c2000000,0x00000006c52e8fb8,0x00000006c7880000)
 Metaspace       used 25633K, capacity 27598K, committed 46336K, reserved 1085440K
  class space    used 2843K, capacity 3333K, committed 9728K, reserved 1048576K
}

Deoptimization events (10 events):
Event: 7209.892 Thread 0x00000207de61c000 Uncommon trap: reason=unhandled action=reinterpret pc=0x00000207c2e9e174 method=java.lang.invoke.CallSite.<init>(Ljava/lang/invoke/MethodType;)V @ 10
Event: 7357.730 Thread 0x00000207de61c000 Uncommon trap: reason=unhandled action=reinterpret pc=0x00000207c321b4f4 method=java.lang.invoke.CallSite.<init>(Ljava/lang/invoke/MethodType;)V @ 10
Event: 7515.700 Thread 0x00000207de61c000 Uncommon trap: reason=unhandled action=reinterpret pc=0x00000207c322c0f4 method=java.lang.invoke.CallSite.<init>(Ljava/lang/invoke/MethodType;)V @ 10
Event: 7638.433 Thread 0x00000207de61e000 Uncommon trap: reason=unstable_if action=reinterpret pc=0x00000207c2ce4420 method=java.util.concurrent.locks.LockSupport.unpark(Ljava/lang/Thread;)V @ 1
Event: 7659.102 Thread 0x00000207de61c000 Uncommon trap: reason=unhandled action=reinterpret pc=0x00000207c3ceab34 method=java.lang.invoke.CallSite.<init>(Ljava/lang/invoke/MethodType;)V @ 10
Event: 7799.899 Thread 0x00000207de61c000 Uncommon trap: reason=unhandled action=reinterpret pc=0x00000207c3c1e934 method=java.lang.invoke.CallSite.<init>(Ljava/lang/invoke/MethodType;)V @ 10
Event: 7932.617 Thread 0x00000207de621000 Uncommon trap: reason=unstable_if action=reinterpret pc=0x00000207c3a9c464 method=sun.java2d.d3d.D3DScreenUpdateManager.run()V @ 4
Event: 7932.618 Thread 0x00000207e80a0000 Uncommon trap: reason=unstable_if action=reinterpret pc=0x00000207c2c72710 method=java.lang.reflect.Field.get(Ljava/lang/Object;)Ljava/lang/Object; @ 4
Event: 7932.618 Thread 0x00000207e80a0000 Uncommon trap: reason=unstable_if action=reinterpret pc=0x00000207c2fd3410 method=sun.reflect.UnsafeFieldAccessorFactory.newFieldAccessor(Ljava/lang/reflect/Field;Z)Lsun/reflect/FieldAccessor; @ 69
Event: 7932.719 Thread 0x00000207de61e000 Uncommon trap: reason=unstable_if action=reinterpret pc=0x00000207c36e89a8 method=sun.java2d.d3d.D3DScreenUpdateManager.createGraphics(Lsun/java2d/SurfaceData;Lsun/awt/windows/WComponentPeer;Ljava/awt/Color;Ljava/awt/Color;Ljava/awt/Font;)Ljava/awt/Graphi

Classes redefined (0 events):
No events

Internal exceptions (10 events):
Event: 142.475 Thread 0x00000207de61c000 Implicit null exception at 0x00000207c32c05ec to 0x00000207c32c07fd
Event: 159.535 Thread 0x00000207de61e000 Implicit null exception at 0x00000207c2ca94f0 to 0x00000207c2ca9c55
Event: 220.954 Thread 0x00000207de61c000 Implicit null exception at 0x00000207c2e51d1c to 0x00000207c2e520fd
Event: 1107.053 Thread 0x00000207de61c000 Implicit null exception at 0x00000207c29b2db4 to 0x00000207c29b2e65
Event: 2423.132 Thread 0x00000207de61c000 Implicit null exception at 0x00000207c3c80eed to 0x00000207c3c851c9
Event: 3878.979 Thread 0x00000207de61c000 Implicit null exception at 0x00000207c33657c8 to 0x00000207c3365a81
Event: 3934.319 Thread 0x00000207de61e000 Implicit null exception at 0x00000207c3bd73ee to 0x00000207c3bd8c31
Event: 4343.383 Thread 0x00000207de61c000 Implicit null exception at 0x00000207c3c94b0f to 0x00000207c3c95ebd
Event: 5288.142 Thread 0x00000207de61c000 Implicit null exception at 0x00000207c3bd86fd to 0x00000207c3bd93a1
Event: 6685.026 Thread 0x00000207de61e000 Implicit null exception at 0x00000207c268c27b to 0x00000207c268c851

Events (10 events):
Event: 7932.620 loading class java/lang/ProcessImpl
Event: 7932.620 loading class java/lang/Process
Event: 7932.621 loading class java/lang/Process done
Event: 7932.621 loading class java/lang/ProcessImpl done
Event: 7932.646 loading class java/lang/ProcessImpl$2
Event: 7932.646 loading class java/lang/ProcessImpl$2 done
Event: 7932.646 Thread 0x00000207e80a0000 Thread exited: 0x00000207e80a0000
Event: 7932.719 Thread 0x00000207de61e000 Uncommon trap: trap_request=0xffffff65 fr.pc=0x00000207c36e89a8
Event: 7932.719 Thread 0x00000207de61e000 DEOPT PACKING pc=0x00000207c36e89a8 sp=0x0000001d1fcfd4d0
Event: 7932.719 Thread 0x00000207de61e000 DEOPT UNPACKING pc=0x00000207c24c58c3 sp=0x0000001d1fcfd3f0 mode 2


Dynamic libraries:
0x00007ff6bb4c0000 - 0x00007ff6bb50f000 	C:\Program Files\Java\jre1.8.0_461\bin\javaw.exe
0x00007ff9ed8e0000 - 0x00007ff9edb47000 	C:\WINDOWS\SYSTEM32\ntdll.dll
0x00007ff9c3bc0000 - 0x00007ff9c3be0000 	C:\Program Files\Norton\Suite\aswhook.dll
0x00007ff9ec7b0000 - 0x00007ff9ec879000 	C:\WINDOWS\System32\KERNEL32.DLL
0x00007ff9eaee0000 - 0x00007ff9eb2d0000 	C:\WINDOWS\System32\KERNELBASE.dll
0x00007ff9ecdc0000 - 0x00007ff9ece74000 	C:\WINDOWS\System32\ADVAPI32.dll
0x00007ff9ebaa0000 - 0x00007ff9ebb49000 	C:\WINDOWS\System32\msvcrt.dll
0x00007ff9eb880000 - 0x00007ff9eb926000 	C:\WINDOWS\System32\sechost.dll
0x00007ff9ece80000 - 0x00007ff9ecf98000 	C:\WINDOWS\System32\RPCRT4.dll
0x00007ff9ebb50000 - 0x00007ff9ebd15000 	C:\WINDOWS\System32\USER32.dll
0x00007ff9eb4c0000 - 0x00007ff9eb4e7000 	C:\WINDOWS\System32\win32u.dll
0x00007ff9ed870000 - 0x00007ff9ed89b000 	C:\WINDOWS\System32\GDI32.dll
0x00007ff9eb2e0000 - 0x00007ff9eb418000 	C:\WINDOWS\System32\gdi32full.dll
0x00007ff9eae30000 - 0x00007ff9eaed3000 	C:\WINDOWS\System32\msvcp_win.dll
0x00007ff9eaad0000 - 0x00007ff9eac1b000 	C:\WINDOWS\System32\ucrtbase.dll
0x00007ff9c73d0000 - 0x00007ff9c766a000 	C:\WINDOWS\WinSxS\amd64_microsoft.windows.common-controls_6595b64144ccf1df_6.0.26100.4768_none_3e0c112ce331287c\COMCTL32.dll
0x00007ff9ebdc0000 - 0x00007ff9ebdef000 	C:\WINDOWS\System32\IMM32.DLL
0x00007ff961080000 - 0x00007ff96109b000 	C:\Program Files\Java\jre1.8.0_461\bin\vcruntime140.dll
0x00007ff9e41e0000 - 0x00007ff9e41ec000 	C:\Program Files\Java\jre1.8.0_461\bin\vcruntime140_1.dll
0x00007ff960ff0000 - 0x00007ff96107e000 	C:\Program Files\Java\jre1.8.0_461\bin\msvcp140.dll
0x00007ff92d1a0000 - 0x00007ff92da4a000 	C:\Program Files\Java\jre1.8.0_461\bin\server\jvm.dll
0x00007ff9ed0a0000 - 0x00007ff9ed0a8000 	C:\WINDOWS\System32\PSAPI.DLL
0x00007ff9d9930000 - 0x00007ff9d9965000 	C:\WINDOWS\SYSTEM32\WINMM.dll
0x00007ff9d3860000 - 0x00007ff9d386a000 	C:\WINDOWS\SYSTEM32\WSOCK32.dll
0x00007ff9e25f0000 - 0x00007ff9e25fb000 	C:\WINDOWS\SYSTEM32\VERSION.dll
0x00007ff9ebd40000 - 0x00007ff9ebdb4000 	C:\WINDOWS\System32\WS2_32.dll
0x00007ff9e9790000 - 0x00007ff9e97ab000 	C:\WINDOWS\SYSTEM32\kernel.appcore.dll
0x00007ff9b9ae0000 - 0x00007ff9b9af0000 	C:\Program Files\Java\jre1.8.0_461\bin\verify.dll
0x00007ff960fc0000 - 0x00007ff960feb000 	C:\Program Files\Java\jre1.8.0_461\bin\java.dll
0x00007ff960fa0000 - 0x00007ff960fb8000 	C:\Program Files\Java\jre1.8.0_461\bin\zip.dll
0x00007ff9ec060000 - 0x00007ff9ec7ad000 	C:\WINDOWS\System32\SHELL32.dll
0x00007ff9eb4f0000 - 0x00007ff9eb663000 	C:\WINDOWS\System32\wintypes.dll
0x00007ff9eca30000 - 0x00007ff9ecdb5000 	C:\WINDOWS\System32\combase.dll
0x00007ff9e8630000 - 0x00007ff9e8e90000 	C:\WINDOWS\SYSTEM32\windows.storage.dll
0x00007ff9ecfa0000 - 0x00007ff9ed095000 	C:\WINDOWS\System32\SHCORE.dll
0x00007ff9ebe00000 - 0x00007ff9ebe6a000 	C:\WINDOWS\System32\shlwapi.dll
0x00007ff9ea930000 - 0x00007ff9ea959000 	C:\WINDOWS\SYSTEM32\profapi.dll
0x00007ff960e20000 - 0x00007ff960f9e000 	C:\Program Files\Java\jre1.8.0_461\bin\awt.dll
0x00007ff9ed540000 - 0x00007ff9ed620000 	C:\WINDOWS\System32\OLEAUT32.dll
0x00007ff9e6b60000 - 0x00007ff9e6bfe000 	C:\WINDOWS\SYSTEM32\apphelp.dll
0x00007ff9e6ea0000 - 0x00007ff9e6ed5000 	C:\WINDOWS\system32\DWMAPI.DLL
0x00007ff9e6d80000 - 0x00007ff9e6e2f000 	C:\WINDOWS\system32\uxtheme.dll
0x00007ff9c1730000 - 0x00007ff9c1848000 	C:\WINDOWS\system32\opengl32.dll
0x00007ff9c1040000 - 0x00007ff9c106d000 	C:\WINDOWS\SYSTEM32\GLU32.dll
0x00007ff9e7550000 - 0x00007ff9e759d000 	C:\WINDOWS\SYSTEM32\dxcore.dll
0x00007ff9eb930000 - 0x00007ff9eba91000 	C:\WINDOWS\System32\MSCTF.dll
0x00007ff9ec880000 - 0x00007ff9eca20000 	C:\WINDOWS\System32\ole32.dll
0x00007ff9eb420000 - 0x00007ff9eb4b9000 	C:\WINDOWS\System32\bcryptPrimitives.dll
0x00007ff9ea110000 - 0x00007ff9ea123000 	C:\WINDOWS\SYSTEM32\msasn1.dll
0x00007ff9e2460000 - 0x00007ff9e249b000 	C:\WINDOWS\SYSTEM32\cryptnet.dll
0x00007ff9eac20000 - 0x00007ff9ead97000 	C:\WINDOWS\System32\CRYPT32.dll
0x00007ff9ea000000 - 0x00007ff9ea00c000 	C:\WINDOWS\SYSTEM32\cryptbase.dll
0x00007ff9ea0a0000 - 0x00007ff9ea10b000 	C:\WINDOWS\SYSTEM32\wldp.dll
0x00007ff9e21b0000 - 0x00007ff9e232c000 	C:\WINDOWS\SYSTEM32\drvstore.dll
0x00007ff9ea680000 - 0x00007ff9ea6ad000 	C:\WINDOWS\SYSTEM32\devobj.dll
0x00007ff9ea6b0000 - 0x00007ff9ea707000 	C:\WINDOWS\SYSTEM32\cfgmgr32.dll
0x00007ff9eada0000 - 0x00007ff9eae24000 	C:\WINDOWS\System32\wintrust.dll
0x00007ff9ed830000 - 0x00007ff9ed850000 	C:\WINDOWS\System32\imagehlp.dll
0x00007ff9e9fe0000 - 0x00007ff9e9ffb000 	C:\WINDOWS\SYSTEM32\CRYPTSP.dll
0x00007ff9e96f0000 - 0x00007ff9e972b000 	C:\WINDOWS\system32\rsaenh.dll
0x00007ff9ea900000 - 0x00007ff9ea926000 	C:\WINDOWS\SYSTEM32\bcrypt.dll
0x00007ff9bd080000 - 0x00007ff9bd350000 	C:\WINDOWS\system32\nvspcap64.dll
0x00007ff9e98c0000 - 0x00007ff9e98f6000 	C:\WINDOWS\SYSTEM32\ntmarta.dll
0x00007ff9e9d90000 - 0x00007ff9e9db7000 	C:\WINDOWS\SYSTEM32\gpapi.dll
0x00007ff9bc920000 - 0x00007ff9bca75000 	C:\WINDOWS\System32\DriverStore\FileRepository\nv_dispig.inf_amd64_0afec3f2050014a0\nvppex.dll
0x00007ff960e00000 - 0x00007ff960e1c000 	C:\Program Files\Java\jre1.8.0_461\bin\net.dll
0x00007ff9e9d20000 - 0x00007ff9e9d8b000 	C:\WINDOWS\system32\mswsock.dll
0x00007ff960de0000 - 0x00007ff960df3000 	C:\Program Files\Java\jre1.8.0_461\bin\nio.dll
0x00007ff9e9dc0000 - 0x00007ff9e9deb000 	C:\WINDOWS\SYSTEM32\USERENV.dll
0x00007ff9e91a0000 - 0x00007ff9e91d3000 	C:\WINDOWS\SYSTEM32\IPHLPAPI.DLL
0x00007ff9ed860000 - 0x00007ff9ed86a000 	C:\WINDOWS\System32\NSI.dll
0x00007ff9e19b0000 - 0x00007ff9e19cf000 	C:\WINDOWS\SYSTEM32\dhcpcsvc6.DLL
0x00007ff9e16b0000 - 0x00007ff9e16d5000 	C:\WINDOWS\SYSTEM32\dhcpcsvc.DLL
0x00007ff9e9230000 - 0x00007ff9e9356000 	C:\WINDOWS\SYSTEM32\DNSAPI.dll
0x0000000180000000 - 0x0000000180032000 	C:\Users\borys\AppData\Local\Temp\jna6915651536666432509.tmp
0x00007ff960d90000 - 0x00007ff960ddf000 	C:\Program Files\Java\jre1.8.0_461\bin\fontmanager.dll
0x00007ff9d30d0000 - 0x00007ff9d3199000 	C:\WINDOWS\SYSTEM32\mscms.dll
0x00007ff960d40000 - 0x00007ff960d89000 	C:\WINDOWS\SYSTEM32\icm32.dll
0x00007ff9c1130000 - 0x00007ff9c1561000 	C:\Windows\System32\uiautomationcore.dll
0x00007ff9c7290000 - 0x00007ff9c730d000 	C:\Windows\System32\OLEACC.dll
0x00007ff9eb7d0000 - 0x00007ff9eb878000 	C:\WINDOWS\System32\clbcatq.dll
0x00007ff9c80e0000 - 0x00007ff9c80f6000 	C:\Windows\System32\threadpoolwinrt.dll
0x00007ff9c94f0000 - 0x00007ff9c9533000 	C:\Program Files\Java\jre1.8.0_461\bin\t2k.dll
0x00007ff9d4b90000 - 0x00007ff9d4ce1000 	C:\WINDOWS\SYSTEM32\textinputframework.dll
0x00007ff9a4c00000 - 0x00007ff9a4c2a000 	C:\Program Files\Java\jre1.8.0_461\bin\dcpr.dll
0x00007ff9e6730000 - 0x00007ff9e6855000 	C:\WINDOWS\SYSTEM32\CoreMessaging.dll
0x00007ff9e3ef0000 - 0x00007ff9e41d3000 	C:\WINDOWS\SYSTEM32\CoreUIComponents.dll
0x00007ff9e7fc0000 - 0x00007ff9e8201000 	C:\WINDOWS\SYSTEM32\dbghelp.dll

VM Arguments:
java_command: C:\Users\borys\Downloads\Beendows X Shimeji\Beendows X Shimeji\shimejiee - Tama Mod\Shimeji-ee.jar
java_class_path (initial): C:\Users\borys\Downloads\Beendows X Shimeji\Beendows X Shimeji\shimejiee - Tama Mod\Shimeji-ee.jar
Launcher Type: SUN_STANDARD

Environment Variables:
PATH=C:\Program Files (x86)\Common Files\Oracle\Java\java8path;C:\Program Files (x86)\Common Files\Oracle\Java\javapath;C:\Program Files (x86)\VMware\VMware Workstation\bin\;C:\WINDOWS\system32;C:\WINDOWS;C:\WINDOWS\System32\Wbem;C:\WINDOWS\System32\WindowsPowerShell\v1.0\;C:\WINDOWS\System32\OpenSSH\;C:\Program Files (x86)\Windows Live\Shared;C:\Program Files\Git\cmd;C:\Program Files\Microsoft SQL Server\150\Tools\Binn\;C:\Program Files\NVIDIA Corporation\NVIDIA NvDLISR;C:\Program Files\dotnet\;C:\WINDOWS\system32;C:\WINDOWS;C:\WINDOWS\System32\Wbem;C:\WINDOWS\System32\WindowsPowerShell\v1.0\;C:\WINDOWS\System32\OpenSSH\;C:\Program Files\nodejs\;C:\Users\borys\AppData\Local\Microsoft\WindowsApps;C:\Users\borys\AppData\Roaming\npm
USERNAME=Borys
OS=Windows_NT
PROCESSOR_IDENTIFIER=Intel64 Family 6 Model 167 Stepping 1, GenuineIntel



---------------  S Y S T E M  ---------------

OS: Windows 11 , 64 bit Build 26100 (10.0.26100.4768)

CPU:total 12 (initial active 12) (6 cores per cpu, 2 threads per core) family 6 model 167 stepping 1, cmov, cx8, fxsr, mmx, sse, sse2, sse3, ssse3, sse4.1, sse4.2, popcnt, avx, avx2, aes, clmul, erms, 3dnowpref, lzcnt, ht, tsc, tscinvbit, bmi1, bmi2, adx

Memory: 4k page, physical 16643256k(6931068k free), swap 25556152k(12387488k free)

vm_info: Java HotSpot(TM) 64-Bit Server VM (25.461-b11) for windows-amd64 JRE (1.8.0_461-b11), built on Jun 27 2025 10:22:42 by "java_re" with MS VC++ 17.6 (VS2022)

time: Thu Aug 14 15:06:49 2025
timezone: Intel64 Family 6 Model 167 Stepping 1, GenuineIntel
elapsed time: 7932.765725 seconds (0d 2h 12m 12s)

